<?xml version="1.0" encoding="UTF-8"?>
<!-- Generated by org.testng.reporters.JUnitReportReporter -->
<testsuite hostname="LAPTOP-E5MAE365" name="com.saiteja.automation.frameworks.business.DatepickersWEbTablesDemo" tests="1" failures="0" timestamp="6 May 2022 12:02:43 GMT" time="7.576" errors="0">
  <testcase name="weTablesDemo" time="7.576" classname="com.saiteja.automation.frameworks.business.DatepickersWEbTablesDemo"/>
</testsuite> <!-- com.saiteja.automation.frameworks.business.DatepickersWEbTablesDemo -->
