<?xml version="1.0" encoding="UTF-8"?>
<!-- Generated by org.testng.reporters.JUnitReportReporter -->
<testsuite hostname="LAPTOP-E5MAE365" name="com.saiteja.automation.frameworks.business.fb" tests="1" failures="0" timestamp="8 May 2022 06:26:26 GMT" time="2.578" errors="0">
  <testcase name="fbtest" time="2.578" classname="com.saiteja.automation.frameworks.business.fb"/>
</testsuite> <!-- com.saiteja.automation.frameworks.business.fb -->
