<?xml version="1.0" encoding="UTF-8"?>
<!-- Generated by org.testng.reporters.JUnitReportReporter -->
<testsuite hostname="LAPTOP-E5MAE365" name="com.saiteja.automation.frameworks.business.GmailTest" tests="1" failures="0" timestamp="8 May 2022 06:26:26 GMT" time="7.196" errors="0">
  <testcase name="gmailTest" time="7.196" classname="com.saiteja.automation.frameworks.business.GmailTest"/>
</testsuite> <!-- com.saiteja.automation.frameworks.business.GmailTest -->
