<?xml version="1.0" encoding="UTF-8"?>
<!-- Generated by org.testng.reporters.JUnitReportReporter -->
<testsuite hostname="LAPTOP-E5MAE365" name="com.saiteja.automation.frameworks.business.fp" tests="1" failures="0" timestamp="3 May 2022 05:43:54 GMT" time="2.854" errors="0">
  <testcase name="fptest" time="2.854" classname="com.saiteja.automation.frameworks.business.fp"/>
</testsuite> <!-- com.saiteja.automation.frameworks.business.fp -->
