<?xml version="1.0" encoding="UTF-8"?>
<!-- Generated by org.testng.reporters.JUnitReportReporter -->
<testsuite hostname="LAPTOP-E5MAE365" name="error" tests="1" failures="0" timestamp="6 May 2022 13:01:30 GMT" time="14.385" errors="0">
  <testcase name="gmailLogin" time="14.385" classname="error"/>
</testsuite> <!-- error -->
