<?xml version="1.0" encoding="UTF-8"?>
<!-- Generated by org.testng.reporters.JUnitReportReporter -->
<testsuite hostname="LAPTOP-E5MAE365" name="com.saiteja.automation.frameworks.business.OpenCartTest" tests="1" failures="0" timestamp="16 May 2022 06:19:16 GMT" time="23.372" errors="0">
  <testcase name="airlinesDatePicker" time="23.372" classname="com.saiteja.automation.frameworks.business.OpenCartTest"/>
</testsuite> <!-- com.saiteja.automation.frameworks.business.OpenCartTest -->
